<?xml version="1.0" encoding="UTF-8"?>
<!-- Generated by org.testng.reporters.JUnitReportReporter -->
<testsuite hostname="DESKTOP-RHAVO5R" failures="0" tests="2" name="com.raghib.testngwithxml.ExecutionFlow" time="0.005" errors="0" timestamp="2023-06-25T13:14:16 IST" skipped="0">
  <testcase classname="com.raghib.testngwithxml.ExecutionFlow" name="testCase2" time="0.003"/>
  <system-out/>
  <testcase classname="com.raghib.testngwithxml.ExecutionFlow" name="testCase1" time="0.002"/>
  <system-out/>
</testsuite> <!-- com.raghib.testngwithxml.ExecutionFlow -->
