<?xml version="1.0" encoding="UTF-8"?>
<!-- Generated by org.testng.reporters.JUnitReportReporter -->
<testsuite hostname="DESKTOP-RHAVO5R" failures="0" tests="1" name="com.raghib.testngwithxml.UserTest" time="0.720" errors="0" timestamp="2023-06-25T13:17:24 IST" skipped="0">
  <testcase classname="com.raghib.testngwithxml.UserTest" name="googlePageLoadingTest" time="0.720"/>
  <system-out/>
</testsuite> <!-- com.raghib.testngwithxml.UserTest -->
